{"level":30,"timestamp":"2025-05-15T09:21:33.447Z","env":"production","version":"0.0.0","env":"production","nodeVersion":"v22.5.1","pid":13740,"message":"Logger initialized successfully"}
{"level":30,"timestamp":"2025-05-15T09:21:47.603Z","env":"production","version":"0.0.0","env":"production","nodeVersion":"v22.5.1","pid":12336,"message":"Logger initialized successfully"}
{"level":30,"timestamp":"2025-05-15T09:22:00.206Z","env":"production","version":"0.0.0","env":"production","nodeVersion":"v22.5.1","pid":7496,"message":"Logger initialized successfully"}
{"level":30,"timestamp":"2025-05-15T09:22:09.987Z","env":"production","version":"0.0.0","env":"production","nodeVersion":"v22.5.1","pid":6396,"message":"Logger initialized successfully"}
{"level":30,"timestamp":"2025-05-15T09:22:46.275Z","env":"production","version":"0.0.0","env":"production","nodeVersion":"v22.5.1","pid":14124,"message":"Logger initialized successfully"}
{"level":30,"timestamp":"2025-05-15T09:23:39.569Z","env":"production","version":"0.0.0","route":"/showroom","handler":"createShowroom","message":"New Showroom Created"}
{"level":30,"timestamp":"2025-05-15T09:23:39.693Z","env":"production","version":"0.0.0","route":"/showroom","handler":"createShowroom","showroomName":"1234567890","doneBy":{"id":"67e112a26d1d6bfc6e44b15a","user":{"name":"Admin-RSA@gmail.com"},"iat":1746528590},"message":"New Showroom added in database successfully."}
{"level":30,"timestamp":"2025-05-15T09:28:47.517Z","env":"production","version":"0.0.0","route":"/showroom","handler":"createShowroom","message":"Showroom fething..."}
{"level":30,"timestamp":"2025-05-15T09:28:47.916Z","env":"production","version":"0.0.0","route":"/showroom","handler":"createShowroom","ShowroomCount":18,"message":"Showroom fetched successfully."}
{"level":30,"timestamp":"2025-05-15T09:28:47.928Z","env":"production","version":"0.0.0","route":"/showroom","handler":"createShowroom","message":"Showroom fething..."}
{"level":30,"timestamp":"2025-05-15T09:28:48.137Z","env":"production","version":"0.0.0","route":"/showroom","handler":"createShowroom","ShowroomCount":18,"message":"Showroom fetched successfully."}
{"level":30,"timestamp":"2025-05-15T09:32:02.111Z","env":"production","version":"0.0.0","route":"/showroom","handler":"createShowroom","message":"Showroom fething..."}
{"level":30,"timestamp":"2025-05-15T09:32:03.078Z","env":"production","version":"0.0.0","route":"/showroom","handler":"createShowroom","ShowroomCount":18,"message":"Showroom fetched successfully."}
{"level":30,"timestamp":"2025-05-15T09:32:03.085Z","env":"production","version":"0.0.0","route":"/showroom","handler":"createShowroom","message":"Showroom fething..."}
{"level":30,"timestamp":"2025-05-15T09:32:45.258Z","env":"production","version":"0.0.0","route":"/showroom","handler":"createShowroom","ShowroomCount":18,"message":"Showroom fetched successfully."}
{"level":30,"timestamp":"2025-05-15T09:39:48.967Z","env":"production","version":"0.0.0","route":"/showroom","handler":"createShowroom","message":"Showroom fething..."}
{"level":30,"timestamp":"2025-05-15T09:39:49.558Z","env":"production","version":"0.0.0","route":"/showroom","handler":"createShowroom","ShowroomCount":18,"message":"Showroom fetched successfully."}
{"level":30,"timestamp":"2025-05-15T09:40:15.027Z","env":"production","version":"0.0.0","route":"/booking","handler":"createBooking","fileNumber":"PMNA-1747301524790","doneBy":{"id":"67e112a26d1d6bfc6e44b15a","user":{"name":"Admin-RSA@gmail.com"},"iat":1746528590},"message":"New Booking creation process started..."}
{"level":50,"timestamp":"2025-05-15T09:40:15.517Z","env":"production","version":"0.0.0","route":"/booking","handler":"createBooking","fileNumber":"PMNA-1747301524790","doneBy":{"id":"67e112a26d1d6bfc6e44b15a","user":{"name":"Admin-RSA@gmail.com"},"iat":1746528590},"message":"New Booking creation process failed, Driver not found"}
{"level":30,"timestamp":"2025-05-15T09:40:15.697Z","env":"production","version":"0.0.0","route":"/booking","handler":"createBooking","fileNumber":"PMNA-1747301524790","doneBy":{"id":"67e112a26d1d6bfc6e44b15a","user":{"name":"Admin-RSA@gmail.com"},"iat":1746528590},"message":"New Booking created successfull."}
{"level":30,"timestamp":"2025-05-15T09:40:17.109Z","env":"production","version":"0.0.0","route":"/booking","handler":"createBooking","doneBy":{"id":"67e112a26d1d6bfc6e44b15a","user":{"name":"Admin-RSA@gmail.com"},"iat":1746528590},"message":"Booking fetch success."}
{"level":30,"timestamp":"2025-05-15T09:40:17.668Z","env":"production","version":"0.0.0","route":"/booking","handler":"createBooking","doneBy":{"id":"67e112a26d1d6bfc6e44b15a","user":{"name":"Admin-RSA@gmail.com"},"iat":1746528590},"message":"Booking fetch success."}
{"level":30,"timestamp":"2025-05-15T09:40:19.463Z","env":"production","version":"0.0.0","route":"/showroom","handler":"createShowroom","message":"Showroom fething..."}
{"level":30,"timestamp":"2025-05-15T09:40:19.688Z","env":"production","version":"0.0.0","route":"/showroom","handler":"createShowroom","ShowroomCount":18,"message":"Showroom fetched successfully."}
{"level":30,"timestamp":"2025-05-15T09:40:19.698Z","env":"production","version":"0.0.0","route":"/showroom","handler":"createShowroom","message":"Showroom fething..."}
{"level":30,"timestamp":"2025-05-15T09:40:19.844Z","env":"production","version":"0.0.0","route":"/showroom","handler":"createShowroom","ShowroomCount":18,"message":"Showroom fetched successfully."}
{"level":30,"timestamp":"2025-05-15T09:40:19.877Z","env":"production","version":"0.0.0","route":"/showroom","handler":"createShowroom","message":"Showroom fething..."}
{"level":30,"timestamp":"2025-05-15T09:40:20.165Z","env":"production","version":"0.0.0","route":"/showroom","handler":"createShowroom","ShowroomCount":18,"message":"Showroom fetched successfully."}
{"level":30,"timestamp":"2025-05-15T09:40:20.170Z","env":"production","version":"0.0.0","route":"/showroom","handler":"createShowroom","message":"Showroom fething..."}
{"level":30,"timestamp":"2025-05-15T09:40:20.294Z","env":"production","version":"0.0.0","route":"/showroom","handler":"createShowroom","ShowroomCount":18,"message":"Showroom fetched successfully."}
{"level":30,"timestamp":"2025-05-15T09:40:24.153Z","env":"production","version":"0.0.0","route":"/booking","handler":"createBooking","doneBy":{"id":"67e112a26d1d6bfc6e44b15a","user":{"name":"Admin-RSA@gmail.com"},"iat":1746528590},"message":"Booking fetch success."}
{"level":30,"timestamp":"2025-05-15T09:40:24.714Z","env":"production","version":"0.0.0","route":"/booking","handler":"createBooking","doneBy":{"id":"67e112a26d1d6bfc6e44b15a","user":{"name":"Admin-RSA@gmail.com"},"iat":1746528590},"message":"Booking fetch success."}
{"level":30,"timestamp":"2025-05-15T09:41:15.088Z","env":"production","version":"0.0.0","route":"/showroom","handler":"createShowroom","message":"New Showroom Created"}
{"level":30,"timestamp":"2025-05-15T09:41:15.193Z","env":"production","version":"0.0.0","route":"/showroom","handler":"createShowroom","showroomName":"Hadhi 23232Hassan","doneBy":{"id":"67e112a26d1d6bfc6e44b15a","user":{"name":"Admin-RSA@gmail.com"},"iat":1746528590},"message":"New Showroom added in database successfully."}
{"level":30,"timestamp":"2025-05-15T09:44:15.586Z","env":"production","version":"0.0.0","env":"production","nodeVersion":"v22.5.1","pid":8024,"message":"Logger initialized successfully"}
